2025-11-19 15:22:46,006 - read - INFO - Starting read() for type=csv, path=data/healthcare_dataset.csv
2025-11-19 15:22:46,006 - read - INFO - Reading CSV file from data/healthcare_dataset.csv
2025-11-19 15:22:46,315 - read - INFO - Successfully read CSV: 55500 rows x 15 columns
2025-11-19 15:22:46,315 - clean - INFO - Starting clean(): input df has 55500 rows x 15 columns
2025-11-19 15:22:46,332 - clean - INFO - Normalized column names. Before: ['Name', 'Age', 'Gender', 'Blood Type', 'Medical Condition', 'Date of Admission', 'Doctor', 'Hospital', 'Insurance Provider', 'Billing Amount', 'Room Number', 'Admission Type', 'Discharge Date', 'Medication', 'Test Results'] | After: ['name', 'age', 'gender', 'blood_type', 'medical_condition', 'date_of_admission', 'doctor', 'hospital', 'insurance_provider', 'billing_amount', 'room_number', 'admission_type', 'discharge_date', 'medication', 'test_results']
2025-11-19 15:22:46,341 - clean - INFO - Stripping whitespace from string columns: ['name', 'gender', 'blood_type', 'medical_condition', 'date_of_admission', 'doctor', 'hospital', 'insurance_provider', 'admission_type', 'discharge_date', 'medication', 'test_results']
2025-11-19 15:22:46,789 - clean - INFO - Standardized string columns where present.
2025-11-19 15:22:46,879 - clean - INFO - Column age converted to numeric successfully.
2025-11-19 15:22:47,030 - clean - INFO - Column billing_amount converted to numeric successfully.
2025-11-19 15:22:47,131 - clean - INFO - Column room_number converted to numeric successfully.
2025-11-19 15:22:47,131 - clean - INFO - Rounded billing_amount to 2 decimal places.
2025-11-19 15:22:47,163 - clean - INFO - Column date_of_admission parsed as datetime successfully.
2025-11-19 15:22:47,182 - clean - INFO - Column discharge_date parsed as datetime successfully.
2025-11-19 15:22:47,183 - clean - INFO - clean() completed. Output df has 55500 rows x 15 columns
2025-11-19 15:22:47,187 - transform - INFO - Starting transform(): input df has 55500 rows x 15 columns
2025-11-19 15:22:47,428 - transform - INFO - Built people_df: 54944 rows x 5 columns
2025-11-19 15:22:47,492 - transform - INFO - Built doctors_df (pre-hospital merge): 50000 rows x 3 columns
2025-11-19 15:22:47,509 - transform - INFO - Built hospitals_df: 39876 rows x 2 columns
2025-11-19 15:22:47,576 - transform - INFO - Updated doctors_df after hospital merge: 50000 rows x 4 columns
2025-11-19 15:22:47,586 - transform - INFO - Built conditions_df: 6 rows x 2 columns
2025-11-19 15:22:47,599 - transform - INFO - Built insurance_df: 5 rows x 2 columns
2025-11-19 15:22:47,628 - transform - INFO - Built test_results_df: 3 rows x 2 columns
2025-11-19 15:22:47,639 - transform - INFO - Built admission_types_df: 3 rows x 2 columns
2025-11-19 15:22:47,639 - transform - INFO - Merging people into base df...
2025-11-19 15:22:47,875 - transform - INFO - Merging doctors into base df...
2025-11-19 15:22:47,960 - transform - INFO - Merging conditions into base df...
2025-11-19 15:22:48,025 - transform - INFO - Merging insurance into base df...
2025-11-19 15:22:48,128 - transform - INFO - Merging test_results into base df...
2025-11-19 15:22:48,224 - transform - INFO - Merging admission_types into base df...
2025-11-19 15:22:48,370 - transform - INFO - Finished merges; df is now 55500 rows x 27 columns
2025-11-19 15:22:48,389 - transform - INFO - Built admissions_df: 55500 rows x 12 columns
2025-11-19 15:22:48,409 - transform - INFO - transform() completed successfully. Output tables: {'people': (54944, 5), 'doctors': (50000, 4), 'hospitals': (39876, 2), 'conditions': (6, 2), 'insurance': (5, 2), 'admission_types': (3, 2), 'test_results': (3, 2), 'admissions': (55500, 12)}
2025-11-19 15:22:48,435 - load - INFO - Starting load()
2025-11-19 15:22:48,436 - load - INFO - Row counts - people=54944, hospitals=39876, doctors=50000, conditions=6, insurance=5, test_results=3, admission_types=3, admissions=55500
2025-11-19 15:22:48,436 - load - INFO - Connecting to database...
2025-11-19 15:22:48,757 - load - INFO - Database connection established.
2025-11-19 15:22:48,757 - load - INFO - Creating tables if they do not exist...
2025-11-19 15:22:48,759 - load - INFO - Tables created/verified successfully.
2025-11-19 15:22:48,759 - load - INFO - Truncating tables and resetting identities...
2025-11-19 15:22:48,837 - load - INFO - Tables truncated.
2025-11-19 15:22:48,837 - load - INFO - Inserting into people...
2025-11-19 15:22:59,819 - load - INFO - Inserting into hospitals...
2025-11-19 15:23:10,692 - load - INFO - Inserting into doctors...
2025-11-19 15:23:23,679 - load - INFO - Inserting into conditions...
2025-11-19 15:23:23,685 - load - INFO - Inserting into insurance...
2025-11-19 15:23:23,688 - load - INFO - Inserting into test_results...
2025-11-19 15:23:23,692 - load - INFO - Inserting into admission_types...
2025-11-19 15:23:23,694 - load - INFO - Inserting into admission_data...
2025-11-19 15:23:41,367 - load - INFO - Load completed successfully.
2025-11-19 15:23:41,367 - load - INFO - Database connection closed. End of load().
